<?xml version="1.0" encoding="UTF-8"?>
<testsuite xmlns:xsi="http://www.w3.org/2001/XMLSchema-instance" xsi:noNamespaceSchemaLocation="https://maven.apache.org/surefire/maven-surefire-plugin/xsd/surefire-test-report.xsd" name="com.udacity.cart.service.TotalsWithDiscountCalculatorTest" time="0.022" tests="5" errors="0" skipped="0" failures="0">
  <properties>
    <property name="java.specification.version" value="18"/>
    <property name="sun.jnu.encoding" value="UTF-8"/>
    <property name="java.class.path" value="/Users/brianwiatrek/IdeaProjects/starter/cart/target/test-classes:/Users/brianwiatrek/IdeaProjects/starter/cart/target/classes:/Users/brianwiatrek/.m2/repository/org/junit/jupiter/junit-jupiter-api/5.7.0/junit-jupiter-api-5.7.0.jar:/Users/brianwiatrek/.m2/repository/org/apiguardian/apiguardian-api/1.1.0/apiguardian-api-1.1.0.jar:/Users/brianwiatrek/.m2/repository/org/opentest4j/opentest4j/1.2.0/opentest4j-1.2.0.jar:/Users/brianwiatrek/.m2/repository/org/junit/platform/junit-platform-commons/1.7.0/junit-platform-commons-1.7.0.jar:/Users/brianwiatrek/.m2/repository/org/junit/jupiter/junit-jupiter-engine/5.7.0/junit-jupiter-engine-5.7.0.jar:/Users/brianwiatrek/.m2/repository/org/junit/platform/junit-platform-engine/1.7.0/junit-platform-engine-1.7.0.jar:/Users/brianwiatrek/.m2/repository/org/junit/jupiter/junit-jupiter-params/5.7.0/junit-jupiter-params-5.7.0.jar:"/>
    <property name="java.vm.vendor" value="Oracle Corporation"/>
    <property name="sun.arch.data.model" value="64"/>
    <property name="java.vendor.url" value="https://java.oracle.com/"/>
    <property name="os.name" value="Mac OS X"/>
    <property name="java.vm.specification.version" value="18"/>
    <property name="sun.java.launcher" value="SUN_STANDARD"/>
    <property name="user.country" value="US"/>
    <property name="sun.boot.library.path" value="/Users/brianwiatrek/Library/Java/JavaVirtualMachines/openjdk-18/Contents/Home/lib"/>
    <property name="sun.java.command" value="/Users/brianwiatrek/IdeaProjects/starter/cart/target/surefire/surefirebooter4515007038299006567.jar /Users/brianwiatrek/IdeaProjects/starter/cart/target/surefire 2022-08-07T09-30-54_928-jvmRun1 surefire186255591247368952tmp surefire_05169882927476661094tmp"/>
    <property name="http.nonProxyHosts" value="local|*.local|169.254/16|*.169.254/16"/>
    <property name="jdk.debug" value="release"/>
    <property name="surefire.test.class.path" value="/Users/brianwiatrek/IdeaProjects/starter/cart/target/test-classes:/Users/brianwiatrek/IdeaProjects/starter/cart/target/classes:/Users/brianwiatrek/.m2/repository/org/junit/jupiter/junit-jupiter-api/5.7.0/junit-jupiter-api-5.7.0.jar:/Users/brianwiatrek/.m2/repository/org/apiguardian/apiguardian-api/1.1.0/apiguardian-api-1.1.0.jar:/Users/brianwiatrek/.m2/repository/org/opentest4j/opentest4j/1.2.0/opentest4j-1.2.0.jar:/Users/brianwiatrek/.m2/repository/org/junit/platform/junit-platform-commons/1.7.0/junit-platform-commons-1.7.0.jar:/Users/brianwiatrek/.m2/repository/org/junit/jupiter/junit-jupiter-engine/5.7.0/junit-jupiter-engine-5.7.0.jar:/Users/brianwiatrek/.m2/repository/org/junit/platform/junit-platform-engine/1.7.0/junit-platform-engine-1.7.0.jar:/Users/brianwiatrek/.m2/repository/org/junit/jupiter/junit-jupiter-params/5.7.0/junit-jupiter-params-5.7.0.jar:"/>
    <property name="sun.cpu.endian" value="little"/>
    <property name="user.home" value="/Users/brianwiatrek"/>
    <property name="user.language" value="en"/>
    <property name="java.specification.vendor" value="Oracle Corporation"/>
    <property name="java.version.date" value="2022-03-22"/>
    <property name="java.home" value="/Users/brianwiatrek/Library/Java/JavaVirtualMachines/openjdk-18/Contents/Home"/>
    <property name="file.separator" value="/"/>
    <property name="basedir" value="/Users/brianwiatrek/IdeaProjects/starter/cart"/>
    <property name="java.vm.compressedOopsMode" value="Zero based"/>
    <property name="line.separator" value="&#10;"/>
    <property name="java.specification.name" value="Java Platform API Specification"/>
    <property name="java.vm.specification.vendor" value="Oracle Corporation"/>
    <property name="apple.awt.application.name" value="ForkedBooter"/>
    <property name="surefire.real.class.path" value="/Users/brianwiatrek/IdeaProjects/starter/cart/target/surefire/surefirebooter4515007038299006567.jar"/>
    <property name="sun.management.compiler" value="HotSpot 64-Bit Tiered Compilers"/>
    <property name="ftp.nonProxyHosts" value="local|*.local|169.254/16|*.169.254/16"/>
    <property name="java.runtime.version" value="18+36-2087"/>
    <property name="user.name" value="brianwiatrek"/>
    <property name="path.separator" value=":"/>
    <property name="os.version" value="12.5"/>
    <property name="java.runtime.name" value="OpenJDK Runtime Environment"/>
    <property name="file.encoding" value="UTF-8"/>
    <property name="java.vm.name" value="OpenJDK 64-Bit Server VM"/>
    <property name="localRepository" value="/Users/brianwiatrek/.m2/repository"/>
    <property name="java.vendor.url.bug" value="https://bugreport.java.com/bugreport/"/>
    <property name="java.io.tmpdir" value="/var/folders/hm/drz9tgws6y1123ywcyd38q380000gn/T/"/>
    <property name="java.version" value="18"/>
    <property name="user.dir" value="/Users/brianwiatrek/IdeaProjects/starter/cart"/>
    <property name="os.arch" value="aarch64"/>
    <property name="java.vm.specification.name" value="Java Virtual Machine Specification"/>
    <property name="native.encoding" value="UTF-8"/>
    <property name="java.library.path" value="/Users/brianwiatrek/Library/Java/Extensions:/Library/Java/Extensions:/Network/Library/Java/Extensions:/System/Library/Java/Extensions:/usr/lib/java:."/>
    <property name="java.vm.info" value="mixed mode, sharing"/>
    <property name="java.vendor" value="Oracle Corporation"/>
    <property name="java.vm.version" value="18+36-2087"/>
    <property name="sun.io.unicode.encoding" value="UnicodeBig"/>
    <property name="socksNonProxyHosts" value="local|*.local|169.254/16|*.169.254/16"/>
    <property name="java.class.version" value="62.0"/>
  </properties>
  <testcase name="totalsWithDiscounts_regularAndPlatinumUser_returnsDifferentSubtotal{double, double, double, double, TotalsWithDiscountCalculator}[1]" classname="com.udacity.cart.service.TotalsWithDiscountCalculatorTest" time="0.01"/>
  <testcase name="totalsWithDiscounts_regularAndPlatinumUser_returnsDifferentSubtotal{double, double, double, double, TotalsWithDiscountCalculator}[2]" classname="com.udacity.cart.service.TotalsWithDiscountCalculatorTest" time="0"/>
  <testcase name="totalsWithDiscount_getTotals_reducesUserCredit{double}[1]" classname="com.udacity.cart.service.TotalsWithDiscountCalculatorTest" time="0.001"/>
  <testcase name="totalsWithDiscount_getTotals_reducesUserCredit{double}[2]" classname="com.udacity.cart.service.TotalsWithDiscountCalculatorTest" time="0"/>
  <testcase name="totalsWithDiscount_getTotals_reducesUserCredit{double}[3]" classname="com.udacity.cart.service.TotalsWithDiscountCalculatorTest" time="0.001"/>
</testsuite>